<?xml version="1.0" encoding="UTF-8"?>
<testsuite xmlns:xsi="http://www.w3.org/2001/XMLSchema-instance" xsi:noNamespaceSchemaLocation="https://maven.apache.org/surefire/maven-surefire-plugin/xsd/surefire-test-report-3.0.xsd" version="3.0" name="com.aichat.foundation.controller.ChatControllerTest" time="1.562" tests="8" errors="0" skipped="0" failures="8">
  <properties>
[...]
</properties>
  <testcase name="healthCheck_ShouldReturnHealthStatus" classname="com.aichat.foundation.controller.ChatControllerTest" time="0.039">
    <failure message="Status expected:&lt;200&gt; but was:&lt;401&gt;" type="java.lang.AssertionError"><![CDATA[java.lang.AssertionError: Status expected:<200> but was:<401>
	at org.springframework.test.util.AssertionErrors.fail(AssertionErrors.java:59)
	at org.springframework.test.util.AssertionErrors.assertEquals(AssertionErrors.java:122)
	at org.springframework.test.web.servlet.result.StatusResultMatchers.lambda$matcher$9(StatusResultMatchers.java:637)
	at org.springframework.test.web.servlet.MockMvc$1.andExpect(MockMvc.java:214)
	at com.aichat.foundation.controller.ChatControllerTest.healthCheck_ShouldReturnHealthStatus(ChatControllerTest.java:171)
	at java.base/java.lang.reflect.Method.invoke(Method.java:568)
	at java.base/java.util.ArrayList.forEach(ArrayList.java:1511)
	at java.base/java.util.ArrayList.forEach(ArrayList.java:1511)
]]></failure>
    <system-out><![CDATA[02:28:52.846 [main] INFO org.springframework.test.context.support.AnnotationConfigContextLoaderUtils -- Could not detect default configuration classes for test class [com.aichat.foundation.controller.ChatControllerTest]: ChatControllerTest does not declare any static, non-private, non-final, nested classes annotated with @Configuration.
02:28:52.907 [main] INFO org.springframework.boot.test.context.SpringBootTestContextBootstrapper -- Found @SpringBootConfiguration com.aichat.foundation.AiChatFoundationApplication for test class com.aichat.foundation.controller.ChatControllerTest
02:28:52.938 [main] INFO org.springframework.boot.devtools.restart.RestartApplicationListener -- Restart disabled due to context in which it is running

  .   ____          _            __ _ _
 /\\ / ___'_ __ _ _(_)_ __  __ _ \ \ \ \
( ( )\___ | '_ | '_| | '_ \/ _` | \ \ \ \
 \\/  ___)| |_)| | | | | || (_| |  ) ) ) )
  '  |____| .__|_| |_|_| |_\__, | / / / /
 =========|_|==============|___/=/_/_/_/
 :: Spring Boot ::                (v3.2.0)

2025-10-02 02:28:53 - Starting ChatControllerTest using Java 17.0.10 with PID 7509 (started by sansi in /Users/sansi/dev/qoder_projects/foundation)
2025-10-02 02:28:53 - Running with Spring Boot v3.2.0, Spring v6.1.1
2025-10-02 02:28:53 - No active profile set, falling back to 1 default profile: "default"
2025-10-02 02:28:53 - Refreshing org.springframework.web.context.support.GenericWebApplicationContext@2873d672
2025-10-02 02:28:53 - Adding welcome page: class path resource [static/index.html]
2025-10-02 02:28:53 - 10 mappings in 'requestMappingHandlerMapping'
2025-10-02 02:28:54 - Patterns [/webjars/**, /**] in 'resourceHandlerMapping'
2025-10-02 02:28:54 - ControllerAdvice beans: 0 @ModelAttribute, 0 @InitBinder, 1 RequestBodyAdvice, 1 ResponseBodyAdvice
2025-10-02 02:28:54 - ControllerAdvice beans: 1 @ExceptionHandler, 1 ResponseBodyAdvice
2025-10-02 02:28:54 - 

Using generated security password: 3bd295e8-4a62-48f8-8166-568a7f488385

This generated password is for development use only. Your security configuration must be updated before running your application in production.

2025-10-02 02:28:54 - Will secure any request with [org.springframework.security.web.session.DisableEncodeUrlFilter@70022d44, org.springframework.security.web.context.request.async.WebAsyncManagerIntegrationFilter@7b1c501d, org.springframework.security.web.context.SecurityContextHolderFilter@6fd7aba8, org.springframework.security.web.header.HeaderWriterFilter@4468fda8, org.springframework.web.filter.CorsFilter@5abbb273, org.springframework.security.web.csrf.CsrfFilter@137a4b54, org.springframework.security.web.authentication.logout.LogoutFilter@7c8f047a, org.springframework.security.web.authentication.UsernamePasswordAuthenticationFilter@34e25492, org.springframework.security.web.authentication.ui.DefaultLoginPageGeneratingFilter@62de73eb, org.springframework.security.web.authentication.ui.DefaultLogoutPageGeneratingFilter@25d9291a, org.springframework.security.web.authentication.www.BasicAuthenticationFilter@6fd9dbe6, org.springframework.security.web.savedrequest.RequestCacheAwareFilter@3ce7490a, org.springframework.security.web.servletapi.SecurityContextHolderAwareRequestFilter@4768b95c, org.springframework.security.web.authentication.AnonymousAuthenticationFilter@445058e8, org.springframework.security.web.access.ExceptionTranslationFilter@47162173, org.springframework.security.web.access.intercept.AuthorizationFilter@2e93108a]
2025-10-02 02:28:54 - Initializing Spring TestDispatcherServlet ''
2025-10-02 02:28:54 - Initializing Servlet ''
2025-10-02 02:28:54 - Completed initialization in 0 ms
2025-10-02 02:28:54 - Started ChatControllerTest in 1.307 seconds (process running for 1.732)
2025-10-02 02:28:54 - Securing GET /api/chat/health
2025-10-02 02:28:54 - Cache miss for REQUEST dispatch to '/api/chat/health' (previous null). Performing CorsConfiguration lookup. This is logged once only at WARN level, and every time at TRACE.
2025-10-02 02:28:54 - Set SecurityContextHolder to anonymous SecurityContext
2025-10-02 02:28:54 - Saved request http://localhost/api/chat/health?continue to session
2025-10-02 02:28:54 - Trying to match using And [Not [RequestHeaderRequestMatcher [expectedHeaderName=X-Requested-With, expectedHeaderValue=XMLHttpRequest]], MediaTypeRequestMatcher [contentNegotiationStrategy=org.springframework.web.accept.ContentNegotiationManager@6aff97d6, matchingMediaTypes=[application/xhtml+xml, image/*, text/html, text/plain], useEquals=false, ignoredMediaTypes=[*/*]]]
2025-10-02 02:28:54 - Trying to match using Or [RequestHeaderRequestMatcher [expectedHeaderName=X-Requested-With, expectedHeaderValue=XMLHttpRequest], And [Not [MediaTypeRequestMatcher [contentNegotiationStrategy=org.springframework.web.accept.ContentNegotiationManager@6aff97d6, matchingMediaTypes=[text/html], useEquals=false, ignoredMediaTypes=[]]], MediaTypeRequestMatcher [contentNegotiationStrategy=org.springframework.web.accept.ContentNegotiationManager@6aff97d6, matchingMediaTypes=[application/atom+xml, application/x-www-form-urlencoded, application/json, application/octet-stream, application/xml, multipart/form-data, text/xml], useEquals=false, ignoredMediaTypes=[*/*]]], MediaTypeRequestMatcher [contentNegotiationStrategy=org.springframework.web.accept.ContentNegotiationManager@6aff97d6, matchingMediaTypes=[*/*], useEquals=true, ignoredMediaTypes=[]]]
2025-10-02 02:28:54 - Match found! Executing org.springframework.security.web.authentication.DelegatingAuthenticationEntryPoint@54e0f76f
2025-10-02 02:28:54 - Trying to match using RequestHeaderRequestMatcher [expectedHeaderName=X-Requested-With, expectedHeaderValue=XMLHttpRequest]
2025-10-02 02:28:54 - No match found. Using default entry point org.springframework.security.web.authentication.www.BasicAuthenticationEntryPoint@63c4d16

MockHttpServletRequest:
      HTTP Method = GET
      Request URI = /api/chat/health
       Parameters = {}
          Headers = []
             Body = null
    Session Attrs = {SPRING_SECURITY_SAVED_REQUEST=DefaultSavedRequest [http://localhost/api/chat/health?continue]}

Handler:
             Type = null

Async:
    Async started = false
     Async result = null

Resolved Exception:
             Type = null

ModelAndView:
        View name = null
             View = null
            Model = null

FlashMap:
       Attributes = null

MockHttpServletResponse:
           Status = 401
    Error message = Unauthorized
          Headers = [Vary:"Origin", "Access-Control-Request-Method", "Access-Control-Request-Headers", WWW-Authenticate:"Basic realm="Realm"", X-Content-Type-Options:"nosniff", X-XSS-Protection:"0", Cache-Control:"no-cache, no-store, max-age=0, must-revalidate", Pragma:"no-cache", Expires:"0", X-Frame-Options:"DENY"]
     Content type = null
             Body = 
    Forwarded URL = null
   Redirected URL = null
          Cookies = []
]]></system-out>
  </testcase>
  <testcase name="deleteSession_ShouldReturn200_WhenDeleted" classname="com.aichat.foundation.controller.ChatControllerTest" time="0.014">
    <failure message="Status expected:&lt;200&gt; but was:&lt;403&gt;" type="java.lang.AssertionError"><![CDATA[java.lang.AssertionError: Status expected:<200> but was:<403>
	at org.springframework.test.util.AssertionErrors.fail(AssertionErrors.java:59)
	at org.springframework.test.util.AssertionErrors.assertEquals(AssertionErrors.java:122)
	at org.springframework.test.web.servlet.result.StatusResultMatchers.lambda$matcher$9(StatusResultMatchers.java:637)
	at org.springframework.test.web.servlet.MockMvc$1.andExpect(MockMvc.java:214)
	at com.aichat.foundation.controller.ChatControllerTest.deleteSession_ShouldReturn200_WhenDeleted(ChatControllerTest.java:130)
	at java.base/java.lang.reflect.Method.invoke(Method.java:568)
	at java.base/java.util.ArrayList.forEach(ArrayList.java:1511)
	at java.base/java.util.ArrayList.forEach(ArrayList.java:1511)
]]></failure>
    <system-out><![CDATA[2025-10-02 02:28:54 - Securing DELETE /api/chat/sessions/e266a3bd-9d8f-437f-8633-759bac2de8ab
2025-10-02 02:28:54 - Invalid CSRF token found for http://localhost/api/chat/sessions/e266a3bd-9d8f-437f-8633-759bac2de8ab
2025-10-02 02:28:54 - Responding with 403 status code

MockHttpServletRequest:
      HTTP Method = DELETE
      Request URI = /api/chat/sessions/e266a3bd-9d8f-437f-8633-759bac2de8ab
       Parameters = {}
          Headers = []
             Body = null
    Session Attrs = {org.springframework.security.web.csrf.HttpSessionCsrfTokenRepository.CSRF_TOKEN=org.springframework.security.web.csrf.DefaultCsrfToken@2d172c7}

Handler:
             Type = null

Async:
    Async started = false
     Async result = null

Resolved Exception:
             Type = null

ModelAndView:
        View name = null
             View = null
            Model = null

FlashMap:
       Attributes = null

MockHttpServletResponse:
           Status = 403
    Error message = Forbidden
          Headers = [Vary:"Origin", "Access-Control-Request-Method", "Access-Control-Request-Headers", X-Content-Type-Options:"nosniff", X-XSS-Protection:"0", Cache-Control:"no-cache, no-store, max-age=0, must-revalidate", Pragma:"no-cache", Expires:"0", X-Frame-Options:"DENY"]
     Content type = null
             Body = 
    Forwarded URL = null
   Redirected URL = null
          Cookies = []
]]></system-out>
  </testcase>
  <testcase name="getSessionMessages_ShouldReturnMessagesList" classname="com.aichat.foundation.controller.ChatControllerTest" time="0.004">
    <failure message="Status expected:&lt;200&gt; but was:&lt;401&gt;" type="java.lang.AssertionError"><![CDATA[java.lang.AssertionError: Status expected:<200> but was:<401>
	at org.springframework.test.util.AssertionErrors.fail(AssertionErrors.java:59)
	at org.springframework.test.util.AssertionErrors.assertEquals(AssertionErrors.java:122)
	at org.springframework.test.web.servlet.result.StatusResultMatchers.lambda$matcher$9(StatusResultMatchers.java:637)
	at org.springframework.test.web.servlet.MockMvc$1.andExpect(MockMvc.java:214)
	at com.aichat.foundation.controller.ChatControllerTest.getSessionMessages_ShouldReturnMessagesList(ChatControllerTest.java:159)
	at java.base/java.lang.reflect.Method.invoke(Method.java:568)
	at java.base/java.util.ArrayList.forEach(ArrayList.java:1511)
	at java.base/java.util.ArrayList.forEach(ArrayList.java:1511)
]]></failure>
    <system-out><![CDATA[2025-10-02 02:28:54 - Securing GET /api/chat/sessions/aa6ec936-16bb-461d-b4dd-58cb77eec941/messages
2025-10-02 02:28:54 - Set SecurityContextHolder to anonymous SecurityContext
2025-10-02 02:28:54 - Saved request http://localhost/api/chat/sessions/aa6ec936-16bb-461d-b4dd-58cb77eec941/messages?continue to session
2025-10-02 02:28:54 - Trying to match using And [Not [RequestHeaderRequestMatcher [expectedHeaderName=X-Requested-With, expectedHeaderValue=XMLHttpRequest]], MediaTypeRequestMatcher [contentNegotiationStrategy=org.springframework.web.accept.ContentNegotiationManager@6aff97d6, matchingMediaTypes=[application/xhtml+xml, image/*, text/html, text/plain], useEquals=false, ignoredMediaTypes=[*/*]]]
2025-10-02 02:28:54 - Trying to match using Or [RequestHeaderRequestMatcher [expectedHeaderName=X-Requested-With, expectedHeaderValue=XMLHttpRequest], And [Not [MediaTypeRequestMatcher [contentNegotiationStrategy=org.springframework.web.accept.ContentNegotiationManager@6aff97d6, matchingMediaTypes=[text/html], useEquals=false, ignoredMediaTypes=[]]], MediaTypeRequestMatcher [contentNegotiationStrategy=org.springframework.web.accept.ContentNegotiationManager@6aff97d6, matchingMediaTypes=[application/atom+xml, application/x-www-form-urlencoded, application/json, application/octet-stream, application/xml, multipart/form-data, text/xml], useEquals=false, ignoredMediaTypes=[*/*]]], MediaTypeRequestMatcher [contentNegotiationStrategy=org.springframework.web.accept.ContentNegotiationManager@6aff97d6, matchingMediaTypes=[*/*], useEquals=true, ignoredMediaTypes=[]]]
2025-10-02 02:28:54 - Match found! Executing org.springframework.security.web.authentication.DelegatingAuthenticationEntryPoint@54e0f76f
2025-10-02 02:28:54 - Trying to match using RequestHeaderRequestMatcher [expectedHeaderName=X-Requested-With, expectedHeaderValue=XMLHttpRequest]
2025-10-02 02:28:54 - No match found. Using default entry point org.springframework.security.web.authentication.www.BasicAuthenticationEntryPoint@63c4d16

MockHttpServletRequest:
      HTTP Method = GET
      Request URI = /api/chat/sessions/aa6ec936-16bb-461d-b4dd-58cb77eec941/messages
       Parameters = {}
          Headers = []
             Body = null
    Session Attrs = {SPRING_SECURITY_SAVED_REQUEST=DefaultSavedRequest [http://localhost/api/chat/sessions/aa6ec936-16bb-461d-b4dd-58cb77eec941/messages?continue]}

Handler:
             Type = null

Async:
    Async started = false
     Async result = null

Resolved Exception:
             Type = null

ModelAndView:
        View name = null
             View = null
            Model = null

FlashMap:
       Attributes = null

MockHttpServletResponse:
           Status = 401
    Error message = Unauthorized
          Headers = [Vary:"Origin", "Access-Control-Request-Method", "Access-Control-Request-Headers", WWW-Authenticate:"Basic realm="Realm"", X-Content-Type-Options:"nosniff", X-XSS-Protection:"0", Cache-Control:"no-cache, no-store, max-age=0, must-revalidate", Pragma:"no-cache", Expires:"0", X-Frame-Options:"DENY"]
     Content type = null
             Body = 
    Forwarded URL = null
   Redirected URL = null
          Cookies = []
]]></system-out>
  </testcase>
  <testcase name="deleteSession_ShouldReturn404_WhenNotFound" classname="com.aichat.foundation.controller.ChatControllerTest" time="0.004">
    <failure message="Status expected:&lt;404&gt; but was:&lt;403&gt;" type="java.lang.AssertionError"><![CDATA[java.lang.AssertionError: Status expected:<404> but was:<403>
	at org.springframework.test.util.AssertionErrors.fail(AssertionErrors.java:59)
	at org.springframework.test.util.AssertionErrors.assertEquals(AssertionErrors.java:122)
	at org.springframework.test.web.servlet.result.StatusResultMatchers.lambda$matcher$9(StatusResultMatchers.java:637)
	at org.springframework.test.web.servlet.MockMvc$1.andExpect(MockMvc.java:214)
	at com.aichat.foundation.controller.ChatControllerTest.deleteSession_ShouldReturn404_WhenNotFound(ChatControllerTest.java:141)
	at java.base/java.lang.reflect.Method.invoke(Method.java:568)
	at java.base/java.util.ArrayList.forEach(ArrayList.java:1511)
	at java.base/java.util.ArrayList.forEach(ArrayList.java:1511)
]]></failure>
    <system-out><![CDATA[2025-10-02 02:28:54 - Securing DELETE /api/chat/sessions/af477baa-7aed-471b-8f84-8259230507a7
2025-10-02 02:28:54 - Invalid CSRF token found for http://localhost/api/chat/sessions/af477baa-7aed-471b-8f84-8259230507a7
2025-10-02 02:28:54 - Responding with 403 status code

MockHttpServletRequest:
      HTTP Method = DELETE
      Request URI = /api/chat/sessions/af477baa-7aed-471b-8f84-8259230507a7
       Parameters = {}
          Headers = []
             Body = null
    Session Attrs = {org.springframework.security.web.csrf.HttpSessionCsrfTokenRepository.CSRF_TOKEN=org.springframework.security.web.csrf.DefaultCsrfToken@775edae0}

Handler:
             Type = null

Async:
    Async started = false
     Async result = null

Resolved Exception:
             Type = null

ModelAndView:
        View name = null
             View = null
            Model = null

FlashMap:
       Attributes = null

MockHttpServletResponse:
           Status = 403
    Error message = Forbidden
          Headers = [Vary:"Origin", "Access-Control-Request-Method", "Access-Control-Request-Headers", X-Content-Type-Options:"nosniff", X-XSS-Protection:"0", Cache-Control:"no-cache, no-store, max-age=0, must-revalidate", Pragma:"no-cache", Expires:"0", X-Frame-Options:"DENY"]
     Content type = null
             Body = 
    Forwarded URL = null
   Redirected URL = null
          Cookies = []
]]></system-out>
  </testcase>
  <testcase name="getUserSessions_ShouldReturnSessionsList" classname="com.aichat.foundation.controller.ChatControllerTest" time="0.005">
    <failure message="Status expected:&lt;200&gt; but was:&lt;401&gt;" type="java.lang.AssertionError"><![CDATA[java.lang.AssertionError: Status expected:<200> but was:<401>
	at org.springframework.test.util.AssertionErrors.fail(AssertionErrors.java:59)
	at org.springframework.test.util.AssertionErrors.assertEquals(AssertionErrors.java:122)
	at org.springframework.test.web.servlet.result.StatusResultMatchers.lambda$matcher$9(StatusResultMatchers.java:637)
	at org.springframework.test.web.servlet.MockMvc$1.andExpect(MockMvc.java:214)
	at com.aichat.foundation.controller.ChatControllerTest.getUserSessions_ShouldReturnSessionsList(ChatControllerTest.java:78)
	at java.base/java.lang.reflect.Method.invoke(Method.java:568)
	at java.base/java.util.ArrayList.forEach(ArrayList.java:1511)
	at java.base/java.util.ArrayList.forEach(ArrayList.java:1511)
]]></failure>
    <system-out><![CDATA[2025-10-02 02:28:54 - Securing GET /api/chat/sessions
2025-10-02 02:28:54 - Set SecurityContextHolder to anonymous SecurityContext
2025-10-02 02:28:54 - Saved request http://localhost/api/chat/sessions?continue to session
2025-10-02 02:28:54 - Trying to match using And [Not [RequestHeaderRequestMatcher [expectedHeaderName=X-Requested-With, expectedHeaderValue=XMLHttpRequest]], MediaTypeRequestMatcher [contentNegotiationStrategy=org.springframework.web.accept.ContentNegotiationManager@6aff97d6, matchingMediaTypes=[application/xhtml+xml, image/*, text/html, text/plain], useEquals=false, ignoredMediaTypes=[*/*]]]
2025-10-02 02:28:54 - Trying to match using Or [RequestHeaderRequestMatcher [expectedHeaderName=X-Requested-With, expectedHeaderValue=XMLHttpRequest], And [Not [MediaTypeRequestMatcher [contentNegotiationStrategy=org.springframework.web.accept.ContentNegotiationManager@6aff97d6, matchingMediaTypes=[text/html], useEquals=false, ignoredMediaTypes=[]]], MediaTypeRequestMatcher [contentNegotiationStrategy=org.springframework.web.accept.ContentNegotiationManager@6aff97d6, matchingMediaTypes=[application/atom+xml, application/x-www-form-urlencoded, application/json, application/octet-stream, application/xml, multipart/form-data, text/xml], useEquals=false, ignoredMediaTypes=[*/*]]], MediaTypeRequestMatcher [contentNegotiationStrategy=org.springframework.web.accept.ContentNegotiationManager@6aff97d6, matchingMediaTypes=[*/*], useEquals=true, ignoredMediaTypes=[]]]
2025-10-02 02:28:54 - Match found! Executing org.springframework.security.web.authentication.DelegatingAuthenticationEntryPoint@54e0f76f
2025-10-02 02:28:54 - Trying to match using RequestHeaderRequestMatcher [expectedHeaderName=X-Requested-With, expectedHeaderValue=XMLHttpRequest]
2025-10-02 02:28:54 - No match found. Using default entry point org.springframework.security.web.authentication.www.BasicAuthenticationEntryPoint@63c4d16

MockHttpServletRequest:
      HTTP Method = GET
      Request URI = /api/chat/sessions
       Parameters = {}
          Headers = []
             Body = null
    Session Attrs = {SPRING_SECURITY_SAVED_REQUEST=DefaultSavedRequest [http://localhost/api/chat/sessions?continue]}

Handler:
             Type = null

Async:
    Async started = false
     Async result = null

Resolved Exception:
             Type = null

ModelAndView:
        View name = null
             View = null
            Model = null

FlashMap:
       Attributes = null

MockHttpServletResponse:
           Status = 401
    Error message = Unauthorized
          Headers = [Vary:"Origin", "Access-Control-Request-Method", "Access-Control-Request-Headers", WWW-Authenticate:"Basic realm="Realm"", X-Content-Type-Options:"nosniff", X-XSS-Protection:"0", Cache-Control:"no-cache, no-store, max-age=0, must-revalidate", Pragma:"no-cache", Expires:"0", X-Frame-Options:"DENY"]
     Content type = null
             Body = 
    Forwarded URL = null
   Redirected URL = null
          Cookies = []
]]></system-out>
  </testcase>
  <testcase name="createSession_ShouldReturnCreatedSession" classname="com.aichat.foundation.controller.ChatControllerTest" time="0.005">
    <failure message="Status expected:&lt;200&gt; but was:&lt;403&gt;" type="java.lang.AssertionError"><![CDATA[java.lang.AssertionError: Status expected:<200> but was:<403>
	at org.springframework.test.util.AssertionErrors.fail(AssertionErrors.java:59)
	at org.springframework.test.util.AssertionErrors.assertEquals(AssertionErrors.java:122)
	at org.springframework.test.web.servlet.result.StatusResultMatchers.lambda$matcher$9(StatusResultMatchers.java:637)
	at org.springframework.test.web.servlet.MockMvc$1.andExpect(MockMvc.java:214)
	at com.aichat.foundation.controller.ChatControllerTest.createSession_ShouldReturnCreatedSession(ChatControllerTest.java:58)
	at java.base/java.lang.reflect.Method.invoke(Method.java:568)
	at java.base/java.util.ArrayList.forEach(ArrayList.java:1511)
	at java.base/java.util.ArrayList.forEach(ArrayList.java:1511)
]]></failure>
    <system-out><![CDATA[2025-10-02 02:28:54 - Securing POST /api/chat/sessions
2025-10-02 02:28:54 - Invalid CSRF token found for http://localhost/api/chat/sessions
2025-10-02 02:28:54 - Responding with 403 status code

MockHttpServletRequest:
      HTTP Method = POST
      Request URI = /api/chat/sessions
       Parameters = {}
          Headers = [Content-Type:"application/json;charset=UTF-8", Content-Length:"24"]
             Body = {"title":"Test Session"}
    Session Attrs = {org.springframework.security.web.csrf.HttpSessionCsrfTokenRepository.CSRF_TOKEN=org.springframework.security.web.csrf.DefaultCsrfToken@1e7d3d87}

Handler:
             Type = null

Async:
    Async started = false
     Async result = null

Resolved Exception:
             Type = null

ModelAndView:
        View name = null
             View = null
            Model = null

FlashMap:
       Attributes = null

MockHttpServletResponse:
           Status = 403
    Error message = Forbidden
          Headers = [Vary:"Origin", "Access-Control-Request-Method", "Access-Control-Request-Headers", X-Content-Type-Options:"nosniff", X-XSS-Protection:"0", Cache-Control:"no-cache, no-store, max-age=0, must-revalidate", Pragma:"no-cache", Expires:"0", X-Frame-Options:"DENY"]
     Content type = null
             Body = 
    Forwarded URL = null
   Redirected URL = null
          Cookies = []
]]></system-out>
  </testcase>
  <testcase name="getSession_ShouldReturn404_WhenNotExists" classname="com.aichat.foundation.controller.ChatControllerTest" time="0.004">
    <failure message="Status expected:&lt;404&gt; but was:&lt;401&gt;" type="java.lang.AssertionError"><![CDATA[java.lang.AssertionError: Status expected:<404> but was:<401>
	at org.springframework.test.util.AssertionErrors.fail(AssertionErrors.java:59)
	at org.springframework.test.util.AssertionErrors.assertEquals(AssertionErrors.java:122)
	at org.springframework.test.web.servlet.result.StatusResultMatchers.lambda$matcher$9(StatusResultMatchers.java:637)
	at org.springframework.test.web.servlet.MockMvc$1.andExpect(MockMvc.java:214)
	at com.aichat.foundation.controller.ChatControllerTest.getSession_ShouldReturn404_WhenNotExists(ChatControllerTest.java:119)
	at java.base/java.lang.reflect.Method.invoke(Method.java:568)
	at java.base/java.util.ArrayList.forEach(ArrayList.java:1511)
	at java.base/java.util.ArrayList.forEach(ArrayList.java:1511)
]]></failure>
    <system-out><![CDATA[2025-10-02 02:28:54 - Securing GET /api/chat/sessions/edb7cc19-2c20-4f01-8a60-1b5b315e6996
2025-10-02 02:28:54 - Set SecurityContextHolder to anonymous SecurityContext
2025-10-02 02:28:54 - Saved request http://localhost/api/chat/sessions/edb7cc19-2c20-4f01-8a60-1b5b315e6996?continue to session
2025-10-02 02:28:54 - Trying to match using And [Not [RequestHeaderRequestMatcher [expectedHeaderName=X-Requested-With, expectedHeaderValue=XMLHttpRequest]], MediaTypeRequestMatcher [contentNegotiationStrategy=org.springframework.web.accept.ContentNegotiationManager@6aff97d6, matchingMediaTypes=[application/xhtml+xml, image/*, text/html, text/plain], useEquals=false, ignoredMediaTypes=[*/*]]]
2025-10-02 02:28:54 - Trying to match using Or [RequestHeaderRequestMatcher [expectedHeaderName=X-Requested-With, expectedHeaderValue=XMLHttpRequest], And [Not [MediaTypeRequestMatcher [contentNegotiationStrategy=org.springframework.web.accept.ContentNegotiationManager@6aff97d6, matchingMediaTypes=[text/html], useEquals=false, ignoredMediaTypes=[]]], MediaTypeRequestMatcher [contentNegotiationStrategy=org.springframework.web.accept.ContentNegotiationManager@6aff97d6, matchingMediaTypes=[application/atom+xml, application/x-www-form-urlencoded, application/json, application/octet-stream, application/xml, multipart/form-data, text/xml], useEquals=false, ignoredMediaTypes=[*/*]]], MediaTypeRequestMatcher [contentNegotiationStrategy=org.springframework.web.accept.ContentNegotiationManager@6aff97d6, matchingMediaTypes=[*/*], useEquals=true, ignoredMediaTypes=[]]]
2025-10-02 02:28:54 - Match found! Executing org.springframework.security.web.authentication.DelegatingAuthenticationEntryPoint@54e0f76f
2025-10-02 02:28:54 - Trying to match using RequestHeaderRequestMatcher [expectedHeaderName=X-Requested-With, expectedHeaderValue=XMLHttpRequest]
2025-10-02 02:28:54 - No match found. Using default entry point org.springframework.security.web.authentication.www.BasicAuthenticationEntryPoint@63c4d16

MockHttpServletRequest:
      HTTP Method = GET
      Request URI = /api/chat/sessions/edb7cc19-2c20-4f01-8a60-1b5b315e6996
       Parameters = {}
          Headers = []
             Body = null
    Session Attrs = {SPRING_SECURITY_SAVED_REQUEST=DefaultSavedRequest [http://localhost/api/chat/sessions/edb7cc19-2c20-4f01-8a60-1b5b315e6996?continue]}

Handler:
             Type = null

Async:
    Async started = false
     Async result = null

Resolved Exception:
             Type = null

ModelAndView:
        View name = null
             View = null
            Model = null

FlashMap:
       Attributes = null

MockHttpServletResponse:
           Status = 401
    Error message = Unauthorized
          Headers = [Vary:"Origin", "Access-Control-Request-Method", "Access-Control-Request-Headers", WWW-Authenticate:"Basic realm="Realm"", X-Content-Type-Options:"nosniff", X-XSS-Protection:"0", Cache-Control:"no-cache, no-store, max-age=0, must-revalidate", Pragma:"no-cache", Expires:"0", X-Frame-Options:"DENY"]
     Content type = null
             Body = 
    Forwarded URL = null
   Redirected URL = null
          Cookies = []
]]></system-out>
  </testcase>
  <testcase name="getSession_ShouldReturnSession_WhenExists" classname="com.aichat.foundation.controller.ChatControllerTest" time="0.003">
    <failure message="Status expected:&lt;200&gt; but was:&lt;401&gt;" type="java.lang.AssertionError"><![CDATA[java.lang.AssertionError: Status expected:<200> but was:<401>
	at org.springframework.test.util.AssertionErrors.fail(AssertionErrors.java:59)
	at org.springframework.test.util.AssertionErrors.assertEquals(AssertionErrors.java:122)
	at org.springframework.test.web.servlet.result.StatusResultMatchers.lambda$matcher$9(StatusResultMatchers.java:637)
	at org.springframework.test.web.servlet.MockMvc$1.andExpect(MockMvc.java:214)
	at com.aichat.foundation.controller.ChatControllerTest.getSession_ShouldReturnSession_WhenExists(ChatControllerTest.java:105)
	at java.base/java.lang.reflect.Method.invoke(Method.java:568)
	at java.base/java.util.ArrayList.forEach(ArrayList.java:1511)
	at java.base/java.util.ArrayList.forEach(ArrayList.java:1511)
]]></failure>
    <system-out><![CDATA[2025-10-02 02:28:54 - Securing GET /api/chat/sessions/4ed63a4a-bb32-4c9e-937b-e2bb4c7bcfc8
2025-10-02 02:28:54 - Set SecurityContextHolder to anonymous SecurityContext
2025-10-02 02:28:54 - Saved request http://localhost/api/chat/sessions/4ed63a4a-bb32-4c9e-937b-e2bb4c7bcfc8?continue to session
2025-10-02 02:28:54 - Trying to match using And [Not [RequestHeaderRequestMatcher [expectedHeaderName=X-Requested-With, expectedHeaderValue=XMLHttpRequest]], MediaTypeRequestMatcher [contentNegotiationStrategy=org.springframework.web.accept.ContentNegotiationManager@6aff97d6, matchingMediaTypes=[application/xhtml+xml, image/*, text/html, text/plain], useEquals=false, ignoredMediaTypes=[*/*]]]
2025-10-02 02:28:54 - Trying to match using Or [RequestHeaderRequestMatcher [expectedHeaderName=X-Requested-With, expectedHeaderValue=XMLHttpRequest], And [Not [MediaTypeRequestMatcher [contentNegotiationStrategy=org.springframework.web.accept.ContentNegotiationManager@6aff97d6, matchingMediaTypes=[text/html], useEquals=false, ignoredMediaTypes=[]]], MediaTypeRequestMatcher [contentNegotiationStrategy=org.springframework.web.accept.ContentNegotiationManager@6aff97d6, matchingMediaTypes=[application/atom+xml, application/x-www-form-urlencoded, application/json, application/octet-stream, application/xml, multipart/form-data, text/xml], useEquals=false, ignoredMediaTypes=[*/*]]], MediaTypeRequestMatcher [contentNegotiationStrategy=org.springframework.web.accept.ContentNegotiationManager@6aff97d6, matchingMediaTypes=[*/*], useEquals=true, ignoredMediaTypes=[]]]
2025-10-02 02:28:54 - Match found! Executing org.springframework.security.web.authentication.DelegatingAuthenticationEntryPoint@54e0f76f
2025-10-02 02:28:54 - Trying to match using RequestHeaderRequestMatcher [expectedHeaderName=X-Requested-With, expectedHeaderValue=XMLHttpRequest]
2025-10-02 02:28:54 - No match found. Using default entry point org.springframework.security.web.authentication.www.BasicAuthenticationEntryPoint@63c4d16

MockHttpServletRequest:
      HTTP Method = GET
      Request URI = /api/chat/sessions/4ed63a4a-bb32-4c9e-937b-e2bb4c7bcfc8
       Parameters = {}
          Headers = []
             Body = null
    Session Attrs = {SPRING_SECURITY_SAVED_REQUEST=DefaultSavedRequest [http://localhost/api/chat/sessions/4ed63a4a-bb32-4c9e-937b-e2bb4c7bcfc8?continue]}

Handler:
             Type = null

Async:
    Async started = false
     Async result = null

Resolved Exception:
             Type = null

ModelAndView:
        View name = null
             View = null
            Model = null

FlashMap:
       Attributes = null

MockHttpServletResponse:
           Status = 401
    Error message = Unauthorized
          Headers = [Vary:"Origin", "Access-Control-Request-Method", "Access-Control-Request-Headers", WWW-Authenticate:"Basic realm="Realm"", X-Content-Type-Options:"nosniff", X-XSS-Protection:"0", Cache-Control:"no-cache, no-store, max-age=0, must-revalidate", Pragma:"no-cache", Expires:"0", X-Frame-Options:"DENY"]
     Content type = null
             Body = 
    Forwarded URL = null
   Redirected URL = null
          Cookies = []
]]></system-out>
  </testcase>
</testsuite>