<?xml version="1.0" encoding="UTF-8"?>
<testsuite xmlns:xsi="http://www.w3.org/2001/XMLSchema-instance" xsi:noNamespaceSchemaLocation="https://maven.apache.org/surefire/maven-surefire-plugin/xsd/surefire-test-report-3.0.xsd" version="3.0" name="com.aichat.foundation.service.FileServiceTest" time="0.105" tests="11" errors="0" skipped="0" failures="1">
  <properties>
[...]
</properties>
  <testcase name="getTotalFileSizeBySessionId_ShouldReturnTotalSize" classname="com.aichat.foundation.service.FileServiceTest" time="0.082"/>
  <testcase name="uploadFile_ShouldThrowException_WhenFileEmpty" classname="com.aichat.foundation.service.FileServiceTest" time="0.002"/>
  <testcase name="fileExists_ShouldReturnFalse_WhenFileNotExists" classname="com.aichat.foundation.service.FileServiceTest" time="0.002"/>
  <testcase name="deleteFile_ShouldDeleteSuccessfully_WhenFileExists" classname="com.aichat.foundation.service.FileServiceTest" time="0.003"/>
  <testcase name="uploadFile_ShouldThrowException_WhenFileTypeNotAllowed" classname="com.aichat.foundation.service.FileServiceTest" time="0.001"/>
  <testcase name="uploadFile_ShouldThrowException_WhenFileTooLarge" classname="com.aichat.foundation.service.FileServiceTest" time="0.001"/>
  <testcase name="deleteFile_ShouldThrowException_WhenFileNotFound" classname="com.aichat.foundation.service.FileServiceTest" time="0.002"/>
  <testcase name="getFileContent_ShouldThrowException_WhenFileNotFound" classname="com.aichat.foundation.service.FileServiceTest" time="0.002"/>
  <testcase name="uploadFile_ShouldUploadSuccessfully_WhenValidFile" classname="com.aichat.foundation.service.FileServiceTest" time="0.003">
    <failure message="expected: &lt;test.jpg&gt; but was: &lt;test-image.jpg&gt;" type="org.opentest4j.AssertionFailedError"><![CDATA[org.opentest4j.AssertionFailedError: expected: <test.jpg> but was: <test-image.jpg>
	at org.junit.jupiter.api.AssertionFailureBuilder.build(AssertionFailureBuilder.java:151)
	at org.junit.jupiter.api.AssertionFailureBuilder.buildAndThrow(AssertionFailureBuilder.java:132)
	at org.junit.jupiter.api.AssertEquals.failNotEqual(AssertEquals.java:197)
	at org.junit.jupiter.api.AssertEquals.assertEquals(AssertEquals.java:182)
	at org.junit.jupiter.api.AssertEquals.assertEquals(AssertEquals.java:177)
	at org.junit.jupiter.api.Assertions.assertEquals(Assertions.java:1145)
	at com.aichat.foundation.service.FileServiceTest.uploadFile_ShouldUploadSuccessfully_WhenValidFile(FileServiceTest.java:82)
	at java.base/java.lang.reflect.Method.invoke(Method.java:568)
	at java.base/java.util.ArrayList.forEach(ArrayList.java:1511)
	at java.base/java.util.ArrayList.forEach(ArrayList.java:1511)
]]></failure>
  </testcase>
  <testcase name="fileExists_ShouldReturnTrue_WhenFileExists" classname="com.aichat.foundation.service.FileServiceTest" time="0.002"/>
  <testcase name="getFileContent_ShouldReturnContent_WhenFileExists" classname="com.aichat.foundation.service.FileServiceTest" time="0.002"/>
</testsuite>